yarn add v1.22.19
[1/4] Resolving packages...
warning storybook > @storybook/cli > jscodeshift > @babel/plugin-proposal-class-properties@7.18.6: This proposal has been merged to the ECMAScript standard and thus this plugin is no longer maintained. Please use @babel/plugin-transform-class-properties instead.
warning storybook > @storybook/cli > jscodeshift > @babel/plugin-proposal-nullish-coalescing-operator@7.18.6: This proposal has been merged to the ECMAScript standard and thus this plugin is no longer maintained. Please use @babel/plugin-transform-nullish-coalescing-operator instead.
warning storybook > @storybook/cli > jscodeshift > @babel/plugin-proposal-optional-chaining@7.21.0: This proposal has been merged to the ECMAScript standard and thus this plugin is no longer maintained. Please use @babel/plugin-transform-optional-chaining instead.
warning @storybook/react-webpack5 > @storybook/builder-webpack5 > fork-ts-checker-webpack-plugin > memfs@3.6.0: this will be v4
warning @storybook/react-webpack5 > @storybook/builder-webpack5 > webpack-dev-middleware > memfs@3.6.0: this will be v4
[2/4] Fetching packages...
[3/4] Linking dependencies...
warning " > @testing-library/user-event@13.5.0" has unmet peer dependency "@testing-library/dom@>=7.21.4".
warning "react-scripts > eslint-config-react-app > eslint-plugin-flowtype@8.0.3" has unmet peer dependency "@babel/plugin-syntax-flow@^7.14.5".
warning "react-scripts > eslint-config-react-app > eslint-plugin-flowtype@8.0.3" has unmet peer dependency "@babel/plugin-transform-react-jsx@^7.14.9".
warning "eslint-plugin-storybook > @typescript-eslint/utils@5.62.0" has unmet peer dependency "eslint@^6.0.0 || ^7.0.0 || ^8.0.0".
warning "@storybook/react-webpack5 > @storybook/preset-react-webpack > @babel/preset-flow@7.22.15" has unmet peer dependency "@babel/core@^7.0.0-0".
warning " > @storybook/preset-create-react-app@7.5.1" has unmet peer dependency "@babel/core@*".
warning " > eslint-plugin-storybook@0.6.15" has unmet peer dependency "eslint@>=6".
[4/4] Building fresh packages...
error An unexpected error occurred: "C:\\Users\\david\\git-workspace\\react-github-permalink\\node_modules\\esbuild: Cannot find module 'pnpapi'
Require stack:
- C:\\Users\\david\\AppData\\Local\\node\\corepack\\yarn\\1.22.19\\lib\\cli.js
- C:\\Users\\david\\AppData\\Local\\node\\corepack\\yarn\\1.22.19\\bin\\yarn.js
Require stack:
- C:\\Users\\david\\AppData\\Local\\node\\corepack\\yarn\\1.22.19\\lib\\cli.js
- C:\\Users\\david\\AppData\\Local\\node\\corepack\\yarn\\1.22.19\\bin\\yarn.js".
info If you think this is a bug, please open a bug report with the information provided in "C:\\Users\\david\\git-workspace\\react-github-permalink\\yarn-error.log".
info Visit https://yarnpkg.com/en/docs/cli/add for documentation about this command.
